<?xml version="1.0" encoding="UTF-8"?>
<!-- Generated by org.testng.reporters.JUnitReportReporter -->
<testsuite hostname="ANIL-1981" failures="0" tests="1" name="login" time="41.449" errors="0" timestamp="2022-09-26T12:01:05 IST" skipped="0">
  <testcase classname="login" name="f" time="41.449"/>
</testsuite> <!-- login -->
