<?xml version="1.0" encoding="UTF-8"?>
<!-- Generated by org.testng.reporters.JUnitReportReporter -->
<testsuite hostname="ANIL-1981" failures="0" tests="1" name="anil.login" time="42.077" errors="0" timestamp="2022-09-26T12:45:44 IST" skipped="0">
  <testcase classname="anil.login" name="f" time="42.077"/>
  <system-out/>
</testsuite> <!-- anil.login -->
