<?xml version="1.0" encoding="UTF-8"?>
<!-- Generated by org.testng.reporters.JUnitReportReporter -->
<testsuite hostname="ANIL-1981" failures="0" tests="1" name="anil.login" time="53.205" errors="0" timestamp="2022-09-26T13:55:01 IST" skipped="0">
  <testcase classname="anil.login" name="f" time="53.205"/>
</testsuite> <!-- anil.login -->
